# JRE version: Java(TM) SE Runtime Environment (8.0_131-b11) (build 1.8.0_131-b11)
# Java VM: Java HotSpot(TM) 64-Bit Server VM (25.131-b11 mixed mode windows-amd64 compressed oops)
Heap:
 PSYoungGen      total 76288K, used 24618K [0x000000076b500000, 0x0000000770a00000, 0x00000007c0000000)
  eden space 65536K, 23% used [0x000000076b500000,0x000000076c42f938,0x000000076f500000)
  from space 10752K, 84% used [0x000000076f500000,0x000000076fddb0a0,0x000000076ff80000)
  to   space 10752K, 0% used [0x000000076ff80000,0x000000076ff80000,0x0000000770a00000)
 ParOldGen       total 175104K, used 22532K [0x00000006c1e00000, 0x00000006cc900000, 0x000000076b500000)
  object space 175104K, 12% used [0x00000006c1e00000,0x00000006c3401050,0x00000006cc900000)
 Metaspace       used 15225K, capacity 15495K, committed 15616K, reserved 1062912K
  class space    used 1623K, capacity 1740K, committed 1792K, reserved 1048576K
GC Heap History (6 events):
Event: 1.118 GC heap before
{Heap before GC invocations=1 (full 0):
 PSYoungGen      total 76288K, used 65536K [0x000000076b500000, 0x0000000770a00000, 0x00000007c0000000)
  eden space 65536K, 100% used [0x000000076b500000,0x000000076f500000,0x000000076f500000)
  from space 10752K, 0% used [0x000000076ff80000,0x000000076ff80000,0x0000000770a00000)
  to   space 10752K, 0% used [0x000000076f500000,0x000000076f500000,0x000000076ff80000)
 ParOldGen       total 175104K, used 0K [0x00000006c1e00000, 0x00000006cc900000, 0x000000076b500000)
  object space 175104K, 0% used [0x00000006c1e00000,0x00000006c1e00000,0x00000006cc900000)
 Metaspace       used 14655K, capacity 14947K, committed 15104K, reserved 1062912K
  class space    used 1602K, capacity 1708K, committed 1792K, reserved 1048576K
Event: 1.122 GC heap after
Heap after GC invocations=1 (full 0):
 PSYoungGen      total 76288K, used 6779K [0x000000076b500000, 0x0000000770a00000, 0x00000007c0000000)
  eden space 65536K, 0% used [0x000000076b500000,0x000000076b500000,0x000000076f500000)
  from space 10752K, 63% used [0x000000076f500000,0x000000076fb9ed08,0x000000076ff80000)
  to   space 10752K, 0% used [0x000000076ff80000,0x000000076ff80000,0x0000000770a00000)
 ParOldGen       total 175104K, used 16K [0x00000006c1e00000, 0x00000006cc900000, 0x000000076b500000)
  object space 175104K, 0% used [0x00000006c1e00000,0x00000006c1e04000,0x00000006cc900000)
 Metaspace       used 14655K, capacity 14947K, committed 15104K, reserved 1062912K
  class space    used 1602K, capacity 1708K, committed 1792K, reserved 1048576K
}
Event: 1.895 GC heap before
{Heap before GC invocations=2 (full 0):
 PSYoungGen      total 76288K, used 70838K [0x000000076b500000, 0x0000000770a00000, 0x00000007c0000000)
  eden space 65536K, 97% used [0x000000076b500000,0x000000076f38ed70,0x000000076f500000)
  from space 10752K, 63% used [0x000000076f500000,0x000000076fb9ed08,0x000000076ff80000)
  to   space 10752K, 0% used [0x000000076ff80000,0x000000076ff80000,0x0000000770a00000)
 ParOldGen       total 175104K, used 16K [0x00000006c1e00000, 0x00000006cc900000, 0x000000076b500000)
  object space 175104K, 0% used [0x00000006c1e00000,0x00000006c1e04000,0x00000006cc900000)
 Metaspace       used 15181K, capacity 15495K, committed 15616K, reserved 1062912K
  class space    used 1623K, capacity 1740K, committed 1792K, reserved 1048576K
Event: 1.901 GC heap after
Heap after GC invocations=2 (full 0):
 PSYoungGen      total 76288K, used 9153K [0x000000076b500000, 0x0000000770a00000, 0x00000007c0000000)
  eden space 65536K, 0% used [0x000000076b500000,0x000000076b500000,0x000000076f500000)
  from space 10752K, 85% used [0x000000076ff80000,0x0000000770870538,0x0000000770a00000)
  to   space 10752K, 0% used [0x000000076f500000,0x000000076f500000,0x000000076ff80000)
 ParOldGen       total 175104K, used 9024K [0x00000006c1e00000, 0x00000006cc900000, 0x000000076b500000)
  object space 175104K, 5% used [0x00000006c1e00000,0x00000006c26d0020,0x00000006cc900000)
 Metaspace       used 15181K, capacity 15495K, committed 15616K, reserved 1062912K
  class space    used 1623K, capacity 1740K, committed 1792K, reserved 1048576K
}
Event: 2.217 GC heap before
{Heap before GC invocations=3 (full 0):
 PSYoungGen      total 76288K, used 71452K [0x000000076b500000, 0x0000000770a00000, 0x00000007c0000000)
  eden space 65536K, 95% used [0x000000076b500000,0x000000076f1d6e68,0x000000076f500000)
  from space 10752K, 85% used [0x000000076ff80000,0x0000000770870538,0x0000000770a00000)
  to   space 10752K, 0% used [0x000000076f500000,0x000000076f500000,0x000000076ff80000)
 ParOldGen       total 175104K, used 9024K [0x00000006c1e00000, 0x00000006cc900000, 0x000000076b500000)
  object space 175104K, 5% used [0x00000006c1e00000,0x00000006c26d0020,0x00000006cc900000)
 Metaspace       used 15209K, capacity 15495K, committed 15616K, reserved 1062912K
  class space    used 1623K, capacity 1740K, committed 1792K, reserved 1048576K
Event: 2.221 GC heap after
Heap after GC invocations=3 (full 0):
 PSYoungGen      total 76288K, used 9068K [0x000000076b500000, 0x0000000770a00000, 0x00000007c0000000)
  eden space 65536K, 0% used [0x000000076b500000,0x000000076b500000,0x000000076f500000)
  from space 10752K, 84% used [0x000000076f500000,0x000000076fddb0a0,0x000000076ff80000)
  to   space 10752K, 0% used [0x000000076ff80000,0x000000076ff80000,0x0000000770a00000)
 ParOldGen       total 175104K, used 22532K [0x00000006c1e00000, 0x00000006cc900000, 0x000000076b500000)
  object space 175104K, 12% used [0x00000006c1e00000,0x00000006c3401050,0x00000006cc900000)
 Metaspace       used 15209K, capacity 15495K, committed 15616K, reserved 1062912K
  class space    used 1623K, capacity 1740K, committed 1792K, reserved 1048576K
}

