# JRE version: Java(TM) SE Runtime Environment (8.0_131-b11) (build 1.8.0_131-b11)
# Java VM: Java HotSpot(TM) 64-Bit Server VM (25.131-b11 mixed mode windows-amd64 compressed oops)
Heap:
 PSYoungGen      total 276992K, used 259751K [0x000000076b500000, 0x000000077df00000, 0x00000007c0000000)
  eden space 253440K, 95% used [0x000000076b500000,0x000000077a0e5c80,0x000000077ac80000)
  from space 23552K, 77% used [0x000000077c500000,0x000000077d6c4040,0x000000077dc00000)
  to   space 25088K, 0% used [0x000000077ac80000,0x000000077ac80000,0x000000077c500000)
 ParOldGen       total 175104K, used 61558K [0x00000006c1e00000, 0x00000006cc900000, 0x000000076b500000)
  object space 175104K, 35% used [0x00000006c1e00000,0x00000006c5a1d988,0x00000006cc900000)
 Metaspace       used 15483K, capacity 15759K, committed 15872K, reserved 1062912K
  class space    used 1623K, capacity 1740K, committed 1792K, reserved 1048576K
GC Heap History (10 events):
Event: 2.614 GC heap before
{Heap before GC invocations=4 (full 0):
 PSYoungGen      total 76288K, used 72704K [0x000000076b500000, 0x0000000770a00000, 0x00000007c0000000)
  eden space 65536K, 98% used [0x000000076b500000,0x000000076f4415c0,0x000000076f500000)
  from space 10752K, 73% used [0x000000076f500000,0x000000076fcbeb00,0x000000076ff80000)
  to   space 10752K, 0% used [0x000000076ff80000,0x000000076ff80000,0x0000000770a00000)
 ParOldGen       total 175104K, used 23838K [0x00000006c1e00000, 0x00000006cc900000, 0x000000076b500000)
  object space 175104K, 13% used [0x00000006c1e00000,0x00000006c3547ac8,0x00000006cc900000)
 Metaspace       used 15236K, capacity 15495K, committed 15616K, reserved 1062912K
  class space    used 1623K, capacity 1740K, committed 1792K, reserved 1048576K
Event: 2.619 GC heap after
Heap after GC invocations=4 (full 0):
 PSYoungGen      total 76288K, used 7850K [0x000000076b500000, 0x0000000770a00000, 0x00000007c0000000)
  eden space 65536K, 0% used [0x000000076b500000,0x000000076b500000,0x000000076f500000)
  from space 10752K, 73% used [0x000000076ff80000,0x000000077072aaf0,0x0000000770a00000)
  to   space 10752K, 0% used [0x000000076f500000,0x000000076f500000,0x000000076ff80000)
 ParOldGen       total 175104K, used 37346K [0x00000006c1e00000, 0x00000006cc900000, 0x000000076b500000)
  object space 175104K, 21% used [0x00000006c1e00000,0x00000006c4278af8,0x00000006cc900000)
 Metaspace       used 15236K, capacity 15495K, committed 15616K, reserved 1062912K
  class space    used 1623K, capacity 1740K, committed 1792K, reserved 1048576K
}
Event: 2.974 GC heap before
{Heap before GC invocations=5 (full 0):
 PSYoungGen      total 76288K, used 72728K [0x000000076b500000, 0x0000000770a00000, 0x00000007c0000000)
  eden space 65536K, 98% used [0x000000076b500000,0x000000076f45b558,0x000000076f500000)
  from space 10752K, 73% used [0x000000076ff80000,0x000000077072aaf0,0x0000000770a00000)
  to   space 10752K, 0% used [0x000000076f500000,0x000000076f500000,0x000000076ff80000)
 ParOldGen       total 175104K, used 37346K [0x00000006c1e00000, 0x00000006cc900000, 0x000000076b500000)
  object space 175104K, 21% used [0x00000006c1e00000,0x00000006c4278af8,0x00000006cc900000)
 Metaspace       used 15244K, capacity 15559K, committed 15872K, reserved 1062912K
  class space    used 1623K, capacity 1740K, committed 1792K, reserved 1048576K
Event: 2.981 GC heap after
Heap after GC invocations=5 (full 0):
 PSYoungGen      total 76288K, used 7866K [0x000000076b500000, 0x0000000775d00000, 0x00000007c0000000)
  eden space 65536K, 0% used [0x000000076b500000,0x000000076b500000,0x000000076f500000)
  from space 10752K, 73% used [0x000000076f500000,0x000000076fcaeb00,0x000000076ff80000)
  to   space 20480K, 0% used [0x0000000774900000,0x0000000774900000,0x0000000775d00000)
 ParOldGen       total 175104K, used 50854K [0x00000006c1e00000, 0x00000006cc900000, 0x000000076b500000)
  object space 175104K, 29% used [0x00000006c1e00000,0x00000006c4fa9b28,0x00000006cc900000)
 Metaspace       used 15244K, capacity 15559K, committed 15872K, reserved 1062912K
  class space    used 1623K, capacity 1740K, committed 1792K, reserved 1048576K
}
Event: 3.325 GC heap before
{Heap before GC invocations=6 (full 0):
 PSYoungGen      total 76288K, used 72353K [0x000000076b500000, 0x0000000775d00000, 0x00000007c0000000)
  eden space 65536K, 98% used [0x000000076b500000,0x000000076f3f9ce8,0x000000076f500000)
  from space 10752K, 73% used [0x000000076f500000,0x000000076fcaeb00,0x000000076ff80000)
  to   space 20480K, 0% used [0x0000000774900000,0x0000000774900000,0x0000000775d00000)
 ParOldGen       total 175104K, used 50854K [0x00000006c1e00000, 0x00000006cc900000, 0x000000076b500000)
  object space 175104K, 29% used [0x00000006c1e00000,0x00000006c4fa9b28,0x00000006cc900000)
 Metaspace       used 15250K, capacity 15559K, committed 15872K, reserved 1062912K
  class space    used 1623K, capacity 1740K, committed 1792K, reserved 1048576K
Event: 3.331 GC heap after
Heap after GC invocations=6 (full 0):
 PSYoungGen      total 147968K, used 19733K [0x000000076b500000, 0x0000000776400000, 0x00000007c0000000)
  eden space 127488K, 0% used [0x000000076b500000,0x000000076b500000,0x0000000773180000)
  from space 20480K, 96% used [0x0000000774900000,0x0000000775c45730,0x0000000775d00000)
  to   space 24064K, 0% used [0x0000000773180000,0x0000000773180000,0x0000000774900000)
 ParOldGen       total 175104K, used 55362K [0x00000006c1e00000, 0x00000006cc900000, 0x000000076b500000)
  object space 175104K, 31% used [0x00000006c1e00000,0x00000006c5410b38,0x00000006cc900000)
 Metaspace       used 15250K, capacity 15559K, committed 15872K, reserved 1062912K
  class space    used 1623K, capacity 1740K, committed 1792K, reserved 1048576K
}
Event: 4.020 GC heap before
{Heap before GC invocations=7 (full 0):
 PSYoungGen      total 147968K, used 144339K [0x000000076b500000, 0x0000000776400000, 0x00000007c0000000)
  eden space 127488K, 97% used [0x000000076b500000,0x0000000772eaf5f0,0x0000000773180000)
  from space 20480K, 96% used [0x0000000774900000,0x0000000775c45730,0x0000000775d00000)
  to   space 24064K, 0% used [0x0000000773180000,0x0000000773180000,0x0000000774900000)
 ParOldGen       total 175104K, used 55362K [0x00000006c1e00000, 0x00000006cc900000, 0x000000076b500000)
  object space 175104K, 31% used [0x00000006c1e00000,0x00000006c5410b38,0x00000006cc900000)
 Metaspace       used 15287K, capacity 15559K, committed 15872K, reserved 1062912K
  class space    used 1623K, capacity 1740K, committed 1792K, reserved 1048576K
Event: 4.025 GC heap after
Heap after GC invocations=7 (full 0):
 PSYoungGen      total 151552K, used 13724K [0x000000076b500000, 0x000000077dc00000, 0x00000007c0000000)
  eden space 127488K, 0% used [0x000000076b500000,0x000000076b500000,0x0000000773180000)
  from space 24064K, 57% used [0x0000000773180000,0x0000000773ee7030,0x0000000774900000)
  to   space 23552K, 0% used [0x000000077c500000,0x000000077c500000,0x000000077dc00000)
 ParOldGen       total 175104K, used 61534K [0x00000006c1e00000, 0x00000006cc900000, 0x000000076b500000)
  object space 175104K, 35% used [0x00000006c1e00000,0x00000006c5a17988,0x00000006cc900000)
 Metaspace       used 15287K, capacity 15559K, committed 15872K, reserved 1062912K
  class space    used 1623K, capacity 1740K, committed 1792K, reserved 1048576K
}
Event: 4.677 GC heap before
{Heap before GC invocations=8 (full 0):
 PSYoungGen      total 151552K, used 138114K [0x000000076b500000, 0x000000077dc00000, 0x00000007c0000000)
  eden space 127488K, 97% used [0x000000076b500000,0x0000000772e79948,0x0000000773180000)
  from space 24064K, 57% used [0x0000000773180000,0x0000000773ee7030,0x0000000774900000)
  to   space 23552K, 0% used [0x000000077c500000,0x000000077c500000,0x000000077dc00000)
 ParOldGen       total 175104K, used 61534K [0x00000006c1e00000, 0x00000006cc900000, 0x000000076b500000)
  object space 175104K, 35% used [0x00000006c1e00000,0x00000006c5a17988,0x00000006cc900000)
 Metaspace       used 15313K, capacity 15623K, committed 15872K, reserved 1062912K
  class space    used 1623K, capacity 1740K, committed 1792K, reserved 1048576K
Event: 4.681 GC heap after
Heap after GC invocations=8 (full 0):
 PSYoungGen      total 276992K, used 18192K [0x000000076b500000, 0x000000077df00000, 0x00000007c0000000)
  eden space 253440K, 0% used [0x000000076b500000,0x000000076b500000,0x000000077ac80000)
  from space 23552K, 77% used [0x000000077c500000,0x000000077d6c4040,0x000000077dc00000)
  to   space 25088K, 0% used [0x000000077ac80000,0x000000077ac80000,0x000000077c500000)
 ParOldGen       total 175104K, used 61558K [0x00000006c1e00000, 0x00000006cc900000, 0x000000076b500000)
  object space 175104K, 35% used [0x00000006c1e00000,0x00000006c5a1d988,0x00000006cc900000)
 Metaspace       used 15313K, capacity 15623K, committed 15872K, reserved 1062912K
  class space    used 1623K, capacity 1740K, committed 1792K, reserved 1048576K
}

